<?xml version="1.0" encoding="UTF-8"?>
<testng-results total="1" passed="1" failed="0" skipped="0">
  <reporter-output>
    <line>
      <![CDATA[Application Opened]]>
    </line>
  </reporter-output>
  <suite started-at="2022-04-22T17:26:58Z" name="Suite1" finished-at="2022-04-22T17:27:11Z" duration-ms="12820">
    <groups>
    </groups>
    <test started-at="2022-04-22T17:26:58Z" name="Test Classes" finished-at="2022-04-22T17:27:11Z" duration-ms="12820">
      <class name="com.hrms.testscripts.TC001_Login_Logout">
        <test-method signature="tc001()[pri:0, instance:com.hrms.testscripts.TC001_Login_Logout@1f9e9475]" started-at="2022-04-22T18:26:58Z" name="tc001" finished-at="2022-04-22T18:27:11Z" duration-ms="12812" status="PASS">
          <reporter-output>
            <line>
              <![CDATA[Application Opened]]>
            </line>
          </reporter-output>
        </test-method> <!-- tc001 -->
      </class> <!-- com.hrms.testscripts.TC001_Login_Logout -->
    </test> <!-- Test Classes -->
  </suite> <!-- Suite1 -->
</testng-results>
